{"name": "testcase2_add_to_cart_product_test[firefox]", "status": "failed", "statusDetails": {"message": "AssertionError: Locator expected to have text '2'\nActual value: 1 \nCall log:\nLocatorAssertions.to_have_text with timeout 10000ms\n  - waiting for locator(\"[data-test=\\\"shopping-cart-badge\\\"]\")\n  -   locator resolved to <span class=\"shopping_cart_badge\" data-test=\"shopping-…>1</span>\n  -   unexpected value \"1\"\n  -   locator resolved to <span class=\"shopping_cart_badge\" data-test=\"shopping-…>1</span>\n  -   unexpected value \"1\"\n  -   locator resolved to <span class=\"shopping_cart_badge\" data-test=\"shopping-…>1</span>\n  -   unexpected value \"1\"\n  -   locator resolved to <span class=\"shopping_cart_badge\" data-test=\"shopping-…>1</span>\n  -   unexpected value \"1\"\n  -   locator resolved to <span class=\"shopping_cart_badge\" data-test=\"shopping-…>1</span>\n  -   unexpected value \"1\"\n  -   locator resolved to <span class=\"shopping_cart_badge\" data-test=\"shopping-…>1</span>\n  -   unexpected value \"1\"\n  -   locator resolved to <span class=\"shopping_cart_badge\" data-test=\"shopping-…>1</span>\n  -   unexpected value \"1\"\n  -   locator resolved to <span class=\"shopping_cart_badge\" data-test=\"shopping-…>1</span>\n  -   unexpected value \"1\"\n  -   locator resolved to <span class=\"shopping_cart_badge\" data-test=\"shopping-…>1</span>\n  -   unexpected value \"1\"\n  -   locator resolved to <span class=\"shopping_cart_badge\" data-test=\"shopping-…>1</span>\n  -   unexpected value \"1\"\n  -   locator resolved to <span class=\"shopping_cart_badge\" data-test=\"shopping-…>1</span>\n  -   unexpected value \"1\"\n  -   locator resolved to <span class=\"shopping_cart_badge\" data-test=\"shopping-…>1</span>\n  -   unexpected value \"1\"\n  -   locator resolved to <span class=\"shopping_cart_badge\" data-test=\"shopping-…>1</span>\n  -   unexpected value \"1\"\n  -   locator resolved to <span class=\"shopping_cart_badge\" data-test=\"shopping-…>1</span>\n  -   unexpected value \"1\"", "trace": "page = <Page url='https://www.saucedemo.com/inventory.html'>\n\n    def testcase2_add_to_cart_product_test(page: Page) -> None:\n        login_page = LoginPage(page)\n        product_page = ProductPage(page)\n        login_page.navigate(\"https://www.saucedemo.com/\")\n        login_page.login_to_app(\"standard_user\",\"secret_sauce\")\n        page.wait_for_load_state('load')\n        expect(page.locator(\"[data-test=\\\"title\\\"]\")).to_be_visible()\n        product_page.add_to_cart_product(product_name)\n>       expect(product_page.cart_icon).to_have_text(\"2\")\nE       AssertionError: Locator expected to have text '2'\nE       Actual value: 1 \nE       Call log:\nE       LocatorAssertions.to_have_text with timeout 10000ms\nE         - waiting for locator(\"[data-test=\\\"shopping-cart-badge\\\"]\")\nE         -   locator resolved to <span class=\"shopping_cart_badge\" data-test=\"shopping-…>1</span>\nE         -   unexpected value \"1\"\nE         -   locator resolved to <span class=\"shopping_cart_badge\" data-test=\"shopping-…>1</span>\nE         -   unexpected value \"1\"\nE         -   locator resolved to <span class=\"shopping_cart_badge\" data-test=\"shopping-…>1</span>\nE         -   unexpected value \"1\"\nE         -   locator resolved to <span class=\"shopping_cart_badge\" data-test=\"shopping-…>1</span>\nE         -   unexpected value \"1\"\nE         -   locator resolved to <span class=\"shopping_cart_badge\" data-test=\"shopping-…>1</span>\nE         -   unexpected value \"1\"\nE         -   locator resolved to <span class=\"shopping_cart_badge\" data-test=\"shopping-…>1</span>\nE         -   unexpected value \"1\"\nE         -   locator resolved to <span class=\"shopping_cart_badge\" data-test=\"shopping-…>1</span>\nE         -   unexpected value \"1\"\nE         -   locator resolved to <span class=\"shopping_cart_badge\" data-test=\"shopping-…>1</span>\nE         -   unexpected value \"1\"\nE         -   locator resolved to <span class=\"shopping_cart_badge\" data-test=\"shopping-…>1</span>\nE         -   unexpected value \"1\"\nE         -   locator resolved to <span class=\"shopping_cart_badge\" data-test=\"shopping-…>1</span>\nE         -   unexpected value \"1\"\nE         -   locator resolved to <span class=\"shopping_cart_badge\" data-test=\"shopping-…>1</span>\nE         -   unexpected value \"1\"\nE         -   locator resolved to <span class=\"shopping_cart_badge\" data-test=\"shopping-…>1</span>\nE         -   unexpected value \"1\"\nE         -   locator resolved to <span class=\"shopping_cart_badge\" data-test=\"shopping-…>1</span>\nE         -   unexpected value \"1\"\nE         -   locator resolved to <span class=\"shopping_cart_badge\" data-test=\"shopping-…>1</span>\nE         -   unexpected value \"1\"\n\ntest_example.py:25: AssertionError"}, "parameters": [{"name": "browser_name", "value": "'firefox'"}], "start": 1719944993076, "stop": 1719945011425, "uuid": "bfdb1d48-ac82-4e09-bad9-d58470ea3d36", "historyId": "db978653786af18ac881f0f4cb24bc3a", "testCaseId": "2e8454c66c650ed88f13f78c5eb46167", "fullName": "test_example#testcase2_add_to_cart_product_test", "labels": [{"name": "suite", "value": "test_example"}, {"name": "host", "value": "Auntors-MacBook-Air.local"}, {"name": "thread", "value": "14639-MainThread"}, {"name": "framework", "value": "pytest"}, {"name": "language", "value": "cpython3"}, {"name": "package", "value": "test_example"}]}